<?xml version="1.0" encoding="UTF-8"?>
<!-- Generated by org.testng.reporters.JUnitXMLReporter -->
<testsuite ignored="7" hostname="GAVLMUMDT-046" failures="0" tests="1" name="Default test" time="100.867" errors="0" timestamp="2025-05-02T16:48:17 IST">
  <testcase classname="HomeFunctionality.OverDueBalance" name="verifyIfUserHasAlreadySubmitTheBalanceConfirmation" time="85.42"/>
  <testcase classname="HomeFunctionality.OverDueBalance" name="verifyUserAbleToSeeOverDueBalance" time="0.0">
    <ignored/>
  </testcase> <!-- verifyUserAbleToSeeOverDueBalance -->
  <testcase classname="HomeFunctionality.OverDueBalance" name="verifyUserAbleToClickProofOfDelivery" time="0.0">
    <ignored/>
  </testcase> <!-- verifyUserAbleToClickProofOfDelivery -->
  <testcase classname="HomeFunctionality.OverDueBalance" name="verifyUserShouldAbleToViewOverviewBusinessTurnoverInYTD" time="0.0">
    <ignored/>
  </testcase> <!-- verifyUserShouldAbleToViewOverviewBusinessTurnoverInYTD -->
  <testcase classname="HomeFunctionality.OverDueBalance" name="userShouldAbleToViewBalanceConfirmationButton" time="0.0">
    <ignored/>
  </testcase> <!-- userShouldAbleToViewBalanceConfirmationButton -->
  <testcase classname="HomeFunctionality.OverDueBalance" name="userShouldBeAbleToClickOnTheBalanceConfirmationWidget" time="0.0">
    <ignored/>
  </testcase> <!-- userShouldBeAbleToClickOnTheBalanceConfirmationWidget -->
  <testcase classname="HomeFunctionality.OverDueBalance" name="userShouldAbleToViewOverviewBusinessTurnoverInMTD" time="0.0">
    <ignored/>
  </testcase> <!-- userShouldAbleToViewOverviewBusinessTurnoverInMTD -->
  <testcase classname="HomeFunctionality.OverDueBalance" name="verifyInHomeScreenMarketingProductsShouldBeDisplay" time="0.0">
    <ignored/>
  </testcase> <!-- verifyInHomeScreenMarketingProductsShouldBeDisplay -->
</testsuite> <!-- Default test -->
