<?xml version="1.0" encoding="UTF-8"?>
<!-- Generated by org.testng.reporters.JUnitXMLReporter -->
<testsuite ignored="24" hostname="GAVLMUMDT-046" failures="0" tests="1" name="Default test" time="37.176" errors="0" timestamp="2025-05-14T15:52:43 IST">
  <testcase classname="HomeFunctionality.OverDueBalance" name="verifyClearAllFilterShouldBeWork" time="13.038"/>
  <testcase classname="HomeFunctionality.OverDueBalance" name="verifyBeforeConfirmingTheBalanceConfirmingTheBalanceConfirmationTransactionUserAbletoClickOnCancelButton" time="0.0">
    <ignored/>
  </testcase> <!-- verifyBeforeConfirmingTheBalanceConfirmingTheBalanceConfirmationTransactionUserAbletoClickOnCancelButton -->
  <testcase classname="HomeFunctionality.OverDueBalance" name="UserAbleToClickOnBellIconAboveOfTheScreenRightSideOfTheGodrejagrovetName" time="0.0">
    <ignored/>
  </testcase> <!-- UserAbleToClickOnBellIconAboveOfTheScreenRightSideOfTheGodrejagrovetName -->
  <testcase classname="HomeFunctionality.OverDueBalance" name="verifyIfUserHasAlreadySubmitTheBalanceConfirmation" time="0.0">
    <ignored/>
  </testcase> <!-- verifyIfUserHasAlreadySubmitTheBalanceConfirmation -->
  <testcase classname="HomeFunctionality.OverDueBalance" name="verifyUserAbleToSeeOverDueBalance" time="0.0">
    <ignored/>
  </testcase> <!-- verifyUserAbleToSeeOverDueBalance -->
  <testcase classname="HomeFunctionality.OverDueBalance" name="verifyUserShouldAbleToViewOverviewBusinessTurnoverInYTD" time="0.0">
    <ignored/>
  </testcase> <!-- verifyUserShouldAbleToViewOverviewBusinessTurnoverInYTD -->
  <testcase classname="HomeFunctionality.OverDueBalance" name="verifyTheLast3MonthsDateFilterButtonShouldFunctionProperly" time="0.0">
    <ignored/>
  </testcase> <!-- verifyTheLast3MonthsDateFilterButtonShouldFunctionProperly -->
  <testcase classname="HomeFunctionality.OverDueBalance" name="verifyTheCancelButtonShouldFunctionProperlyInTheUpdateQuantitySection1" time="0.0">
    <ignored/>
  </testcase> <!-- verifyTheCancelButtonShouldFunctionProperlyInTheUpdateQuantitySection1 -->
  <testcase classname="HomeFunctionality.OverDueBalance" name="userShouldBeAbleToClickOnTheBalanceConfirmationWidget" time="0.0">
    <ignored/>
  </testcase> <!-- userShouldBeAbleToClickOnTheBalanceConfirmationWidget -->
  <testcase classname="HomeFunctionality.OverDueBalance" name="verifyTheFilterButtonShouldApplyBothTheDateAndStatusFiltersSimultaneouslyLast3MonthAndDelivered" time="0.0">
    <ignored/>
  </testcase> <!-- verifyTheFilterButtonShouldApplyBothTheDateAndStatusFiltersSimultaneouslyLast3MonthAndDelivered -->
  <testcase classname="HomeFunctionality.OverDueBalance" name="verifyIfUserHasSubmitTheBalanceConfirmation" time="0.0">
    <ignored/>
  </testcase> <!-- verifyIfUserHasSubmitTheBalanceConfirmation -->
  <testcase classname="HomeFunctionality.OverDueBalance" name="verifyUserShouldAbleToViewBalanceConfirmationIfTransactionIsSubmit" time="0.0">
    <ignored/>
  </testcase> <!-- verifyUserShouldAbleToViewBalanceConfirmationIfTransactionIsSubmit -->
  <testcase classname="HomeFunctionality.OverDueBalance" name="verifyInHomeScreenMarketingProductsShouldBeDisplay" time="0.0">
    <ignored/>
  </testcase> <!-- verifyInHomeScreenMarketingProductsShouldBeDisplay -->
  <testcase classname="HomeFunctionality.OverDueBalance" name="verifyTheLast6MonthsDateFilterButtonShouldFunctionProperly" time="0.0">
    <ignored/>
  </testcase> <!-- verifyTheLast6MonthsDateFilterButtonShouldFunctionProperly -->
  <testcase classname="HomeFunctionality.OverDueBalance" name="verifyUserAbleToClickProofOfDelivery" time="0.0">
    <ignored/>
  </testcase> <!-- verifyUserAbleToClickProofOfDelivery -->
  <testcase classname="HomeFunctionality.OverDueBalance" name="verifyIfUserWantToSubmitTheBalanceConfirmationThroughBalanceConfirmationWidget" time="0.0">
    <ignored/>
  </testcase> <!-- verifyIfUserWantToSubmitTheBalanceConfirmationThroughBalanceConfirmationWidget -->
  <testcase classname="HomeFunctionality.OverDueBalance" name="userShouldAbleToViewOverviewBusinessTurnoverInMTD" time="0.0">
    <ignored/>
  </testcase> <!-- userShouldAbleToViewOverviewBusinessTurnoverInMTD -->
  <testcase classname="HomeFunctionality.OverDueBalance" name="verifyTheFilterButtonShouldApplyBothTheDateAndStatusFiltersSimultaneouslyLast6MonthAndPending" time="0.0">
    <ignored/>
  </testcase> <!-- verifyTheFilterButtonShouldApplyBothTheDateAndStatusFiltersSimultaneouslyLast6MonthAndPending -->
  <testcase classname="HomeFunctionality.OverDueBalance" name="verifyWhetherUserAbleToViewStatementInPDF" time="0.0">
    <ignored/>
  </testcase> <!-- verifyWhetherUserAbleToViewStatementInPDF -->
  <testcase classname="HomeFunctionality.OverDueBalance" name="verifyTheFilterButtonShouldApplyBothTheDateAndStatusFiltersSimultaneouslyLast6MonthAndDelivered" time="0.0">
    <ignored/>
  </testcase> <!-- verifyTheFilterButtonShouldApplyBothTheDateAndStatusFiltersSimultaneouslyLast6MonthAndDelivered -->
  <testcase classname="HomeFunctionality.OverDueBalance" name="verifyTheFilterButtonShouldApplyBothTheDateAndStatusFiltersSimultaneouslyLast6MonthAndDiscrepancy" time="0.0">
    <ignored/>
  </testcase> <!-- verifyTheFilterButtonShouldApplyBothTheDateAndStatusFiltersSimultaneouslyLast6MonthAndDiscrepancy -->
  <testcase classname="HomeFunctionality.OverDueBalance" name="userShouldAbleToViewBalanceConfirmationButton" time="0.0">
    <ignored/>
  </testcase> <!-- userShouldAbleToViewBalanceConfirmationButton -->
  <testcase classname="HomeFunctionality.OverDueBalance" name="IfUserDenyTheTransactionBalanceConfirmation" time="0.0">
    <ignored/>
  </testcase> <!-- IfUserDenyTheTransactionBalanceConfirmation -->
  <testcase classname="HomeFunctionality.OverDueBalance" name="verifyUserAbleToClickOnProceedOnTheBalanceConfimationWidget" time="0.0">
    <ignored/>
  </testcase> <!-- verifyUserAbleToClickOnProceedOnTheBalanceConfimationWidget -->
  <testcase classname="HomeFunctionality.OverDueBalance" name="verifyTheLastMonthDateFilterButtonShouldFunctionProperly" time="0.0">
    <ignored/>
  </testcase> <!-- verifyTheLastMonthDateFilterButtonShouldFunctionProperly -->
</testsuite> <!-- Default test -->
