<?xml version="1.0" encoding="UTF-8"?>
<testng-results ignored="19" total="20" passed="1" failed="0" skipped="0">
  <reporter-output>
  </reporter-output>
  <suite started-at="2025-05-30T16:19:34 IST" name="Default suite" finished-at="2025-05-30T16:20:10 IST" duration-ms="36202">
    <groups>
    </groups>
    <test started-at="2025-05-30T16:19:34 IST" name="Default test" finished-at="2025-05-30T16:20:10 IST" duration-ms="36202">
      <class name="HomeFunctionality.OrderTest">
        <test-method is-config="true" signature="launchApp()[pri:0, instance:HomeFunctionality.OrderTest@23348b5d]" started-at="2025-05-30T16:19:34 IST" name="launchApp" finished-at="2025-05-30T16:19:57 IST" duration-ms="23436" status="PASS">
          <reporter-output>
          </reporter-output>
        </test-method> <!-- launchApp -->
        <test-method signature="TheFilterButtonShouldApplyBothTheDateAndStatusFiltersSimultaneouslyCustomRangeAndDelivered()[pri:0, instance:HomeFunctionality.OrderTest@23348b5d]" started-at="2025-05-30T16:19:57 IST" name="TheFilterButtonShouldApplyBothTheDateAndStatusFiltersSimultaneouslyCustomRangeAndDelivered" finished-at="2025-05-30T16:20:10 IST" duration-ms="12741" status="PASS">
          <reporter-output>
          </reporter-output>
        </test-method> <!-- TheFilterButtonShouldApplyBothTheDateAndStatusFiltersSimultaneouslyCustomRangeAndDelivered -->
      </class> <!-- HomeFunctionality.OrderTest -->
    </test> <!-- Default test -->
  </suite> <!-- Default suite -->
</testng-results>
